<?xml version="1.0" encoding="UTF-8"?>
<!-- Generated by org.testng.reporters.JUnitXMLReporter -->
<testsuite ignored="0" hostname="DESKTOP-NLOJU8G" failures="0" tests="2" name="MadisonLoginTest" time="25.003" errors="0" timestamp="2021-02-20T21:06:43 IST">
  <testcase classname="com.htc.grid.test.MadisonLoginTest" name="testLoginPage_validCredentails_shouldShowSuccessMessage" time="21.323"/>
  <testcase classname="com.htc.grid.test.MadisonLoginTest" name="testLoginPage_validCredentails_shouldShowSuccessMsg" time="24.949"/>
</testsuite> <!-- MadisonLoginTest -->
