<?xml version="1.0" encoding="UTF-8"?>
<!-- Generated by org.testng.reporters.JUnitXMLReporter -->
<testsuite ignored="0" hostname="DESKTOP-NLOJU8G" failures="0" tests="2" name="ParallelTest" time="35.589" errors="0" timestamp="2021-02-28T18:32:52 IST">
  <testcase classname="com.htc.grid.test.MadisonLoginTest" name="testLoginPage_validCredentails_shouldShowSuccessMessage" time="30.586"/>
  <testcase classname="com.htc.grid.test.MadisonLoginTest" name="testLoginPage_enterValidCredentails_shouldShowSuccessMessage" time="35.519"/>
</testsuite> <!-- ParallelTest -->
