<?xml version="1.0" encoding="UTF-8"?>
<!-- Generated by org.testng.reporters.JUnitXMLReporter -->
<testsuite ignored="0" hostname="DESKTOP-NLOJU8G" failures="0" tests="2" name="ParallelTest" time="57.961" errors="0" timestamp="2021-02-26T08:25:21 IST">
  <testcase classname="com.htc.grid.test.MadisonLoginTest" name="testLoginPage_enterValidCredentails_shouldShowSuccessMessage" time="42.629"/>
  <testcase classname="com.htc.grid.test.MadisonLoginTest" name="testLoginPage_validCredentails_shouldShowSuccessMessage" time="57.883"/>
</testsuite> <!-- ParallelTest -->
