<?xml version="1.0" encoding="UTF-8"?>
<testng-results ignored="0" total="4" passed="4" failed="0" skipped="0">
  <reporter-output>
    <line>
      <![CDATA[Setting up reports and Test is getting ready]]>
    </line>
    <line>
      <![CDATA[Setting up reports]]>
    </line>
    <line>
      <![CDATA[ChromeDriver  is loaded]]>
    </line>
    <line>
      <![CDATA[Navigate to browser:chromeURL:http://demo-store.seleniumacademy.com/]]>
    </line>
    <line>
      <![CDATA[Trying to start Browser and Getting Application ready]]>
    </line>
    <line>
      <![CDATA[Browser and Application up and running]]>
    </line>
    <line>
      <![CDATA[Test is about to end]]>
    </line>
    <line>
      <![CDATA[Test is Completed and Reports Generated]]>
    </line>
    <line>
      <![CDATA[Test is about to end]]>
    </line>
    <line>
      <![CDATA[Test is Completed and Reports Generated]]>
    </line>
    <line>
      <![CDATA[Test is about to end]]>
    </line>
    <line>
      <![CDATA[Test is Completed and Reports Generated]]>
    </line>
    <line>
      <![CDATA[Test is about to end]]>
    </line>
    <line>
      <![CDATA[Test is Completed and Reports Generated]]>
    </line>
  </reporter-output>
  <suite started-at="2021-03-12T15:34:04 IST" name="Default suite" finished-at="2021-03-12T15:34:36 IST" duration-ms="31439">
    <groups>
    </groups>
    <test started-at="2021-03-12T15:34:04 IST" name="Default test" finished-at="2021-03-12T15:34:36 IST" duration-ms="31439">
      <class name="com.htc.test.LoginTest">
        <test-method is-config="true" signature="loadProptiesFile()[pri:0, instance:com.htc.test.LoginTest@1e0b4072]" started-at="2021-03-12T15:34:04 IST" name="loadProptiesFile" finished-at="2021-03-12T15:34:04 IST" duration-ms="234" status="PASS">
          <reporter-output>
            <line>
              <![CDATA[Setting up reports and Test is getting ready]]>
            </line>
            <line>
              <![CDATA[Setting up reports]]>
            </line>
          </reporter-output>
        </test-method> <!-- loadProptiesFile -->
        <test-method is-config="true" signature="setup()[pri:0, instance:com.htc.test.LoginTest@1e0b4072]" started-at="2021-03-12T15:34:04 IST" name="setup" finished-at="2021-03-12T15:34:15 IST" duration-ms="10509" status="PASS">
          <reporter-output>
            <line>
              <![CDATA[ChromeDriver  is loaded]]>
            </line>
            <line>
              <![CDATA[Navigate to browser:chromeURL:http://demo-store.seleniumacademy.com/]]>
            </line>
            <line>
              <![CDATA[Trying to start Browser and Getting Application ready]]>
            </line>
            <line>
              <![CDATA[Browser and Application up and running]]>
            </line>
          </reporter-output>
        </test-method> <!-- setup -->
        <test-method signature="test(java.util.Map)[pri:0, instance:com.htc.test.LoginTest@1e0b4072]" started-at="2021-03-12T15:34:17 IST" name="test" data-provider="data" finished-at="2021-03-12T15:34:22 IST" duration-ms="5368" status="PASS">
          <params>
            <param index="0">
              <value>
                <![CDATA[{Expected=My Account, password=qwerty@123, email=anonymousghost1996@gmail.com}]]>
              </value>
            </param>
          </params>
          <reporter-output>
          </reporter-output>
        </test-method> <!-- test -->
        <test-method is-config="true" signature="screenshot(org.testng.ITestResult)[pri:0, instance:com.htc.test.LoginTest@1e0b4072]" started-at="2021-03-12T15:34:22 IST" name="screenshot" finished-at="2021-03-12T15:34:24 IST" duration-ms="1403" status="PASS">
          <params>
            <param index="0">
              <value>
                <![CDATA[[TestResult name=test status=SUCCESS method=LoginTest.test(java.util.Map)[pri:0, instance:com.htc.test.LoginTest@1e0b4072] output={null}]]]>
              </value>
            </param>
          </params>
          <reporter-output>
            <line>
              <![CDATA[Test is about to end]]>
            </line>
            <line>
              <![CDATA[Test is Completed and Reports Generated]]>
            </line>
          </reporter-output>
        </test-method> <!-- screenshot -->
        <test-method signature="test(java.util.Map)[pri:0, instance:com.htc.test.LoginTest@1e0b4072]" started-at="2021-03-12T15:34:24 IST" name="test" data-provider="data" finished-at="2021-03-12T15:34:28 IST" duration-ms="4675" status="PASS">
          <params>
            <param index="0">
              <value>
                <![CDATA[{Expected=My Account, password=qwerty@123, email=anonymousghost1996@gmail.com}]]>
              </value>
            </param>
          </params>
          <reporter-output>
          </reporter-output>
        </test-method> <!-- test -->
        <test-method is-config="true" signature="screenshot(org.testng.ITestResult)[pri:0, instance:com.htc.test.LoginTest@1e0b4072]" started-at="2021-03-12T15:34:28 IST" name="screenshot" finished-at="2021-03-12T15:34:29 IST" duration-ms="566" status="PASS">
          <params>
            <param index="0">
              <value>
                <![CDATA[[TestResult name=test status=SUCCESS method=LoginTest.test(java.util.Map)[pri:0, instance:com.htc.test.LoginTest@1e0b4072] output={null}]]]>
              </value>
            </param>
          </params>
          <reporter-output>
            <line>
              <![CDATA[Test is about to end]]>
            </line>
            <line>
              <![CDATA[Test is Completed and Reports Generated]]>
            </line>
          </reporter-output>
        </test-method> <!-- screenshot -->
        <test-method signature="test(java.util.Map)[pri:0, instance:com.htc.test.LoginTest@1e0b4072]" started-at="2021-03-12T15:34:29 IST" name="test" data-provider="data" finished-at="2021-03-12T15:34:32 IST" duration-ms="2854" status="PASS">
          <params>
            <param index="0">
              <value>
                <![CDATA[{Expected=Invalid login or password., password=testuser, email=testuser@gmail.com}]]>
              </value>
            </param>
          </params>
          <reporter-output>
          </reporter-output>
        </test-method> <!-- test -->
        <test-method is-config="true" signature="screenshot(org.testng.ITestResult)[pri:0, instance:com.htc.test.LoginTest@1e0b4072]" started-at="2021-03-12T15:34:32 IST" name="screenshot" finished-at="2021-03-12T15:34:32 IST" duration-ms="563" status="PASS">
          <params>
            <param index="0">
              <value>
                <![CDATA[[TestResult name=test status=SUCCESS method=LoginTest.test(java.util.Map)[pri:0, instance:com.htc.test.LoginTest@1e0b4072] output={null}]]]>
              </value>
            </param>
          </params>
          <reporter-output>
            <line>
              <![CDATA[Test is about to end]]>
            </line>
            <line>
              <![CDATA[Test is Completed and Reports Generated]]>
            </line>
          </reporter-output>
        </test-method> <!-- screenshot -->
        <test-method signature="test(java.util.Map)[pri:0, instance:com.htc.test.LoginTest@1e0b4072]" started-at="2021-03-12T15:34:32 IST" name="test" data-provider="data" finished-at="2021-03-12T15:34:35 IST" duration-ms="2707" status="PASS">
          <params>
            <param index="0">
              <value>
                <![CDATA[{Expected=Invalid login or password., password=unknown, email=usercheck@gmail.com}]]>
              </value>
            </param>
          </params>
          <reporter-output>
          </reporter-output>
        </test-method> <!-- test -->
        <test-method is-config="true" signature="screenshot(org.testng.ITestResult)[pri:0, instance:com.htc.test.LoginTest@1e0b4072]" started-at="2021-03-12T15:34:35 IST" name="screenshot" finished-at="2021-03-12T15:34:36 IST" duration-ms="549" status="PASS">
          <params>
            <param index="0">
              <value>
                <![CDATA[[TestResult name=test status=SUCCESS method=LoginTest.test(java.util.Map)[pri:0, instance:com.htc.test.LoginTest@1e0b4072] output={null}]]]>
              </value>
            </param>
          </params>
          <reporter-output>
            <line>
              <![CDATA[Test is about to end]]>
            </line>
            <line>
              <![CDATA[Test is Completed and Reports Generated]]>
            </line>
          </reporter-output>
        </test-method> <!-- screenshot -->
      </class> <!-- com.htc.test.LoginTest -->
    </test> <!-- Default test -->
  </suite> <!-- Default suite -->
</testng-results>
