<?xml version="1.0" encoding="UTF-8"?>
<!-- Generated by org.testng.reporters.JUnitXMLReporter -->
<testsuite ignored="0" hostname="DESKTOP-NLOJU8G" failures="0" tests="4" name="Default test" time="31.439" errors="0" timestamp="2021-03-12T15:34:36 IST">
  <testcase classname="com.htc.test.LoginTest" name="test" time="5.368"/>
  <testcase classname="com.htc.test.LoginTest" name="test" time="4.675"/>
  <testcase classname="com.htc.test.LoginTest" name="test" time="2.854"/>
  <testcase classname="com.htc.test.LoginTest" name="test" time="2.707"/>
</testsuite> <!-- Default test -->
