<?xml version="1.0" encoding="UTF-8"?>
<!-- Generated by org.testng.reporters.JUnitXMLReporter -->
<testsuite ignored="0" hostname="DESKTOP-NLOJU8G" failures="0" tests="4" name="Default test" time="30.501" errors="0" timestamp="2021-03-12T13:11:55 IST">
  <testcase classname="com.htc.test.LoginTest" name="test" time="7.453"/>
  <testcase classname="com.htc.test.LoginTest" name="test" time="4.458"/>
  <testcase classname="com.htc.test.LoginTest" name="test" time="2.739"/>
  <testcase classname="com.htc.test.LoginTest" name="test" time="2.864"/>
</testsuite> <!-- Default test -->
