<?xml version="1.0" encoding="UTF-8"?>
<testng-results ignored="0" total="3" passed="2" failed="1" skipped="0">
  <reporter-output>
  </reporter-output>
  <suite started-at="2021-02-25T17:42:29Z" name="Suite" finished-at="2021-02-25T17:47:31Z" duration-ms="301438">
    <groups>
    </groups>
    <test started-at="2021-02-25T17:42:29Z" name="Test" finished-at="2021-02-25T17:47:31Z" duration-ms="301438">
      <class name="com.htc.register.SeleniumAcademyRegister">
        <test-method is-config="true" signature="setUp()[pri:0, instance:com.htc.register.SeleniumAcademyRegister@7c51f34b]" started-at="2021-02-25T17:42:29Z" name="setUp" finished-at="2021-02-25T17:42:36Z" duration-ms="7311" status="PASS">
          <reporter-output>
          </reporter-output>
        </test-method> <!-- setUp -->
        <test-method signature="testRegisterAccount_inputUserDetails_shouldShowSusccessfulRegistrationMessage()[pri:1, instance:com.htc.register.SeleniumAcademyRegister@7c51f34b]" started-at="2021-02-25T17:42:36Z" name="testRegisterAccount_inputUserDetails_shouldShowSusccessfulRegistrationMessage" finished-at="2021-02-25T17:43:11Z" duration-ms="34883" status="PASS">
          <reporter-output>
          </reporter-output>
        </test-method> <!-- testRegisterAccount_inputUserDetails_shouldShowSusccessfulRegistrationMessage -->
        <test-method is-config="true" signature="tearDown()[pri:0, instance:com.htc.register.SeleniumAcademyRegister@7c51f34b]" started-at="2021-02-25T17:43:11Z" name="tearDown" finished-at="2021-02-25T17:43:11Z" duration-ms="0" status="PASS">
          <reporter-output>
          </reporter-output>
        </test-method> <!-- tearDown -->
        <test-method is-config="true" signature="setUp()[pri:0, instance:com.htc.register.SeleniumAcademyRegister@7c51f34b]" started-at="2021-02-25T17:43:11Z" name="setUp" finished-at="2021-02-25T17:43:15Z" duration-ms="3379" status="PASS">
          <reporter-output>
          </reporter-output>
        </test-method> <!-- setUp -->
        <test-method signature="testLoginAccount_validCredentails_shouldShowSuccessMessage()[pri:2, instance:com.htc.register.SeleniumAcademyRegister@7c51f34b]" started-at="2021-02-25T17:43:15Z" name="testLoginAccount_validCredentails_shouldShowSuccessMessage" finished-at="2021-02-25T17:43:40Z" duration-ms="25145" status="PASS">
          <reporter-output>
          </reporter-output>
        </test-method> <!-- testLoginAccount_validCredentails_shouldShowSuccessMessage -->
        <test-method is-config="true" signature="tearDown()[pri:0, instance:com.htc.register.SeleniumAcademyRegister@7c51f34b]" started-at="2021-02-25T17:43:40Z" name="tearDown" finished-at="2021-02-25T17:43:40Z" duration-ms="0" status="PASS">
          <reporter-output>
          </reporter-output>
        </test-method> <!-- tearDown -->
        <test-method is-config="true" signature="setUp()[pri:0, instance:com.htc.register.SeleniumAcademyRegister@7c51f34b]" started-at="2021-02-25T17:43:40Z" name="setUp" finished-at="2021-02-25T17:43:43Z" duration-ms="2996" status="PASS">
          <reporter-output>
          </reporter-output>
        </test-method> <!-- setUp -->
        <test-method signature="testPurchaseProduct_enterDetailsRequired_shouldAllowToCheckout()[pri:3, instance:com.htc.register.SeleniumAcademyRegister@7c51f34b]" started-at="2021-02-25T17:43:43Z" name="testPurchaseProduct_enterDetailsRequired_shouldAllowToCheckout" finished-at="2021-02-25T17:47:31Z" duration-ms="227667" status="FAIL">
          <exception class="org.openqa.selenium.NoSuchElementException">
            <message>
              <![CDATA[no such element: Unable to locate element: {"method":"xpath","selector":"//*[@id="header"]/div/div[2]/div/a/span[1]"}
  (Session info: chrome=88.0.4324.182)
For documentation on this error, please visit: https://www.seleniumhq.org/exceptions/no_such_element.html
Build info: version: '3.141.59', revision: 'e82be7d358', time: '2018-11-14T08:17:03'
System info: host: 'DESKTOP-NLOJU8G', ip: '192.168.56.1', os.name: 'Windows 10', os.arch: 'amd64', os.version: '10.0', java.version: '15.0.1'
Driver info: org.openqa.selenium.chrome.ChromeDriver
Capabilities {acceptInsecureCerts: false, browserName: chrome, browserVersion: 88.0.4324.182, chrome: {chromedriverVersion: 88.0.4324.96 (68dba2d8a0b14..., userDataDir: C:\Users\PramodVG\AppData\L...}, goog:chromeOptions: {debuggerAddress: localhost:55593}, javascriptEnabled: true, networkConnectionEnabled: false, pageLoadStrategy: normal, platform: WINDOWS, platformName: WINDOWS, proxy: Proxy(), setWindowRect: true, strictFileInteractability: false, timeouts: {implicit: 0, pageLoad: 300000, script: 30000}, unhandledPromptBehavior: dismiss and notify, webauthn:extension:largeBlob: true, webauthn:virtualAuthenticators: true}
Session ID: f1653cb7d29ae154bb406d1c69e5d019
*** Element info: {Using=xpath, value=//*[@id="header"]/div/div[2]/div/a/span[1]}]]>
            </message>
            <full-stacktrace>
              <![CDATA[org.openqa.selenium.NoSuchElementException: no such element: Unable to locate element: {"method":"xpath","selector":"//*[@id="header"]/div/div[2]/div/a/span[1]"}
  (Session info: chrome=88.0.4324.182)
For documentation on this error, please visit: https://www.seleniumhq.org/exceptions/no_such_element.html
Build info: version: '3.141.59', revision: 'e82be7d358', time: '2018-11-14T08:17:03'
System info: host: 'DESKTOP-NLOJU8G', ip: '192.168.56.1', os.name: 'Windows 10', os.arch: 'amd64', os.version: '10.0', java.version: '15.0.1'
Driver info: org.openqa.selenium.chrome.ChromeDriver
Capabilities {acceptInsecureCerts: false, browserName: chrome, browserVersion: 88.0.4324.182, chrome: {chromedriverVersion: 88.0.4324.96 (68dba2d8a0b14..., userDataDir: C:\Users\PramodVG\AppData\L...}, goog:chromeOptions: {debuggerAddress: localhost:55593}, javascriptEnabled: true, networkConnectionEnabled: false, pageLoadStrategy: normal, platform: WINDOWS, platformName: WINDOWS, proxy: Proxy(), setWindowRect: true, strictFileInteractability: false, timeouts: {implicit: 0, pageLoad: 300000, script: 30000}, unhandledPromptBehavior: dismiss and notify, webauthn:extension:largeBlob: true, webauthn:virtualAuthenticators: true}
Session ID: f1653cb7d29ae154bb406d1c69e5d019
*** Element info: {Using=xpath, value=//*[@id="header"]/div/div[2]/div/a/span[1]}
at java.base/jdk.internal.reflect.NativeConstructorAccessorImpl.newInstance0(Native Method)
at java.base/jdk.internal.reflect.NativeConstructorAccessorImpl.newInstance(NativeConstructorAccessorImpl.java:64)
at java.base/jdk.internal.reflect.DelegatingConstructorAccessorImpl.newInstance(DelegatingConstructorAccessorImpl.java:45)
at java.base/java.lang.reflect.Constructor.newInstanceWithCaller(Constructor.java:500)
at java.base/java.lang.reflect.Constructor.newInstance(Constructor.java:481)
at org.openqa.selenium.remote.http.W3CHttpResponseCodec.createException(W3CHttpResponseCodec.java:187)
at org.openqa.selenium.remote.http.W3CHttpResponseCodec.decode(W3CHttpResponseCodec.java:122)
at org.openqa.selenium.remote.http.W3CHttpResponseCodec.decode(W3CHttpResponseCodec.java:49)
at org.openqa.selenium.remote.HttpCommandExecutor.execute(HttpCommandExecutor.java:158)
at org.openqa.selenium.remote.service.DriverCommandExecutor.execute(DriverCommandExecutor.java:83)
at org.openqa.selenium.remote.RemoteWebDriver.execute(RemoteWebDriver.java:552)
at org.openqa.selenium.remote.RemoteWebDriver.findElement(RemoteWebDriver.java:323)
at org.openqa.selenium.remote.RemoteWebDriver.findElementByXPath(RemoteWebDriver.java:428)
at org.openqa.selenium.By$ByXPath.findElement(By.java:353)
at org.openqa.selenium.remote.RemoteWebDriver.findElement(RemoteWebDriver.java:315)
at com.htc.register.SeleniumAcademyRegister.testPurchaseProduct_enterDetailsRequired_shouldAllowToCheckout(SeleniumAcademyRegister.java:97)
at java.base/jdk.internal.reflect.NativeMethodAccessorImpl.invoke0(Native Method)
at java.base/jdk.internal.reflect.NativeMethodAccessorImpl.invoke(NativeMethodAccessorImpl.java:64)
at java.base/jdk.internal.reflect.DelegatingMethodAccessorImpl.invoke(DelegatingMethodAccessorImpl.java:43)
at java.base/java.lang.reflect.Method.invoke(Method.java:564)
at org.testng.internal.MethodInvocationHelper.invokeMethod(MethodInvocationHelper.java:124)
at org.testng.internal.Invoker.invokeMethod(Invoker.java:583)
at org.testng.internal.Invoker.invokeTestMethod(Invoker.java:719)
at org.testng.internal.Invoker.invokeTestMethods(Invoker.java:989)
at org.testng.internal.TestMethodWorker.invokeTestMethods(TestMethodWorker.java:125)
at org.testng.internal.TestMethodWorker.run(TestMethodWorker.java:109)
at org.testng.TestRunner.privateRun(TestRunner.java:648)
at org.testng.TestRunner.run(TestRunner.java:505)
at org.testng.SuiteRunner.runTest(SuiteRunner.java:455)
at org.testng.SuiteRunner.runSequentially(SuiteRunner.java:450)
at org.testng.SuiteRunner.privateRun(SuiteRunner.java:415)
at org.testng.SuiteRunner.run(SuiteRunner.java:364)
at org.testng.SuiteRunnerWorker.runSuite(SuiteRunnerWorker.java:52)
at org.testng.SuiteRunnerWorker.run(SuiteRunnerWorker.java:84)
at org.testng.TestNG.runSuitesSequentially(TestNG.java:1208)
at org.testng.TestNG.runSuitesLocally(TestNG.java:1137)
at org.testng.TestNG.runSuites(TestNG.java:1049)
at org.testng.TestNG.run(TestNG.java:1017)
at org.testng.remote.AbstractRemoteTestNG.run(AbstractRemoteTestNG.java:115)
at org.testng.remote.RemoteTestNG.initAndRun(RemoteTestNG.java:251)
at org.testng.remote.RemoteTestNG.main(RemoteTestNG.java:77)
]]>
            </full-stacktrace>
          </exception> <!-- org.openqa.selenium.NoSuchElementException -->
          <reporter-output>
          </reporter-output>
        </test-method> <!-- testPurchaseProduct_enterDetailsRequired_shouldAllowToCheckout -->
        <test-method is-config="true" signature="tearDown()[pri:0, instance:com.htc.register.SeleniumAcademyRegister@7c51f34b]" started-at="2021-02-25T17:47:31Z" name="tearDown" finished-at="2021-02-25T17:47:31Z" duration-ms="0" status="PASS">
          <reporter-output>
          </reporter-output>
        </test-method> <!-- tearDown -->
      </class> <!-- com.htc.register.SeleniumAcademyRegister -->
    </test> <!-- Test -->
  </suite> <!-- Suite -->
</testng-results>
