<?xml version="1.0" encoding="UTF-8"?>
<testng-results ignored="0" total="2" passed="2" failed="0" skipped="0">
  <reporter-output>
  </reporter-output>
  <suite started-at="2021-02-28T18:32:16 IST" name="BrowserTesting" finished-at="2021-02-28T18:32:52 IST" duration-ms="35589">
    <groups>
    </groups>
    <test started-at="2021-02-28T18:32:16 IST" name="ParallelTest" finished-at="2021-02-28T18:32:52 IST" duration-ms="35589">
      <class name="com.htc.grid.test.MadisonLoginTest">
        <test-method is-config="true" signature="setup()[pri:0, instance:com.htc.grid.test.MadisonLoginTest@2beee7ff]" started-at="2021-02-28T18:32:16 IST" name="setup" finished-at="2021-02-28T18:32:16 IST" duration-ms="13" status="PASS">
          <reporter-output>
          </reporter-output>
        </test-method> <!-- setup -->
        <test-method signature="testLoginPage_enterValidCredentails_shouldShowSuccessMessage(java.lang.String)[pri:0, instance:com.htc.grid.test.MadisonLoginTest@2beee7ff]" started-at="2021-02-28T18:32:16 IST" name="testLoginPage_enterValidCredentails_shouldShowSuccessMessage" finished-at="2021-02-28T18:32:52 IST" duration-ms="35519" status="PASS">
          <params>
            <param index="0">
              <value>
                <![CDATA[FIREFOX]]>
              </value>
            </param>
          </params>
          <reporter-output>
          </reporter-output>
        </test-method> <!-- testLoginPage_enterValidCredentails_shouldShowSuccessMessage -->
        <test-method signature="testLoginPage_validCredentails_shouldShowSuccessMessage(java.lang.String)[pri:0, instance:com.htc.grid.test.MadisonLoginTest@2beee7ff]" started-at="2021-02-28T18:32:16 IST" name="testLoginPage_validCredentails_shouldShowSuccessMessage" finished-at="2021-02-28T18:32:47 IST" duration-ms="30586" status="PASS">
          <params>
            <param index="0">
              <value>
                <![CDATA[CHROME]]>
              </value>
            </param>
          </params>
          <reporter-output>
          </reporter-output>
        </test-method> <!-- testLoginPage_validCredentails_shouldShowSuccessMessage -->
      </class> <!-- com.htc.grid.test.MadisonLoginTest -->
    </test> <!-- ParallelTest -->
  </suite> <!-- BrowserTesting -->
</testng-results>
